<?xml version="1.0" encoding="UTF-8"?>
<!-- Generated by org.testng.reporters.JUnitReportReporter -->
<testsuite skipped="0" hostname="DESKTOP-227PO6F" name="testcases.TC01" tests="1" failures="0" timestamp="2020-02-10T18:46:32 CST" time="12.018" errors="0">
  <testcase name="testcase1" time="12.018" classname="testcases.TC01"/>
  <system-out/>
</testsuite> <!-- testcases.TC01 -->
